<?xml version="1.0" encoding="UTF-8"?><testrun name="Rerun PhpRunnerTest" project="DesafioCucumberTravelPHP" tests="1" started="1" failures="1" errors="0" ignored="0">
  <testsuite name="execucaoRunner.PhpRunnerTest" time="0.069" displayname="PhpRunnerTest" uniqueid="[engine:junit-vintage]/[runner:execucaoRunner.PhpRunnerTest]">
    <testsuite name="Funcionalidade:" time="0.069" uniqueid="[engine:junit-vintage]/[runner:execucaoRunner.PhpRunnerTest]/[test:rO0ABXNyAClpby5jdWN1bWJlci5qdW5pdC5GZWF0dXJlUnVubmVyJEZlYXR1cmVJZAAAAAAAAAABAgABTAADdXJpdAAOTGphdmEvbmV0L1VSSTt4cHNyAAxqYXZhLm5ldC5VUkmsAXguQ55JqwMAAUwABnN0cmluZ3QAEkxqYXZhL2xhbmcvU3RyaW5nO3hwdAA1ZmlsZTpzcmMvbWFpbi9yZXNvdXJjZXMvZmVhdHVyZS9zaXRlVHJhdmVsUGhwLmZlYXR1cmV4]">
      <testcase name="Logando na pagina Web" classname="Logando na pagina Web" time="0.069" uniqueid="[engine:junit-vintage]/[runner:execucaoRunner.PhpRunnerTest]/[test:rO0ABXNyAClpby5jdWN1bWJlci5qdW5pdC5GZWF0dXJlUnVubmVyJEZlYXR1cmVJZAAAAAAAAAABAgABTAADdXJpdAAOTGphdmEvbmV0L1VSSTt4cHNyAAxqYXZhLm5ldC5VUkmsAXguQ55JqwMAAUwABnN0cmluZ3QAEkxqYXZhL2xhbmcvU3RyaW5nO3hwdAA1ZmlsZTpzcmMvbWFpbi9yZXNvdXJjZXMvZmVhdHVyZS9zaXRlVHJhdmVsUGhwLmZlYXR1cmV4]/[test:rO0ABXNyAChpby5jdWN1bWJlci5qdW5pdC5QaWNrbGVSdW5uZXJzJFBpY2tsZUlkAAAAAAAAAAECAAJJAApwaWNrbGVMaW5lTAADdXJpdAASTGphdmEvbGFuZy9TdHJpbmc7eHAAAAAGdAA1ZmlsZTpzcmMvbWFpbi9yZXNvdXJjZXMvZmVhdHVyZS9zaXRlVHJhdmVsUGhwLmZlYXR1cmU=]">
        <failure>org.opentest4j.MultipleFailuresError: Multiple Failures (2 failures)&#13;
	cucumber.api.PendingException: TODO: implement me&#13;
	io.cucumber.junit.UndefinedThrowable: The step "validar a mensagem de sucesso para requisição" is undefined&#13;
	at org.junit.vintage.engine.execution.TestRun.getStoredResultOrSuccessful(TestRun.java:196)&#13;
	at org.junit.vintage.engine.execution.RunListenerAdapter.fireExecutionFinished(RunListenerAdapter.java:226)&#13;
	at org.junit.vintage.engine.execution.RunListenerAdapter.testFinished(RunListenerAdapter.java:192)&#13;
	at org.junit.vintage.engine.execution.RunListenerAdapter.testFinished(RunListenerAdapter.java:79)&#13;
	at org.junit.runner.notification.SynchronizedRunListener.testFinished(SynchronizedRunListener.java:87)&#13;
	at org.junit.runner.notification.RunNotifier$9.notifyListener(RunNotifier.java:225)&#13;
	at org.junit.runner.notification.RunNotifier$SafeNotifier.run(RunNotifier.java:72)&#13;
	at org.junit.runner.notification.RunNotifier.fireTestFinished(RunNotifier.java:222)&#13;
	at io.cucumber.junit.JUnitReporter$EachTestNotifier.fireTestFinished(JUnitReporter.java:253)&#13;
	at io.cucumber.junit.JUnitReporter.handleTestCaseResult(JUnitReporter.java:178)&#13;
	at io.cucumber.junit.JUnitReporter$4.receive(JUnitReporter.java:66)&#13;
	at io.cucumber.junit.JUnitReporter$4.receive(JUnitReporter.java:62)&#13;
	at cucumber.runner.AbstractEventPublisher.send(AbstractEventPublisher.java:45)&#13;
	at cucumber.runner.AbstractEventBus.send(AbstractEventBus.java:9)&#13;
	at cucumber.runner.ThreadLocalRunnerSupplier$LocalEventBus.send(ThreadLocalRunnerSupplier.java:60)&#13;
	at cucumber.runner.TestCase.run(TestCase.java:55)&#13;
	at cucumber.runner.Runner.runPickle(Runner.java:50)&#13;
	at io.cucumber.junit.PickleRunners$NoStepDescriptions.run(PickleRunners.java:146)&#13;
	at io.cucumber.junit.FeatureRunner.runChild(FeatureRunner.java:68)&#13;
	at io.cucumber.junit.FeatureRunner.runChild(FeatureRunner.java:23)&#13;
	at org.junit.runners.ParentRunner$4.run(ParentRunner.java:331)&#13;
	at org.junit.runners.ParentRunner$1.schedule(ParentRunner.java:79)&#13;
	at org.junit.runners.ParentRunner.runChildren(ParentRunner.java:329)&#13;
	at org.junit.runners.ParentRunner.access$100(ParentRunner.java:66)&#13;
	at org.junit.runners.ParentRunner$2.evaluate(ParentRunner.java:293)&#13;
	at org.junit.runners.ParentRunner$3.evaluate(ParentRunner.java:306)&#13;
	at org.junit.runners.ParentRunner.run(ParentRunner.java:413)&#13;
	at io.cucumber.junit.Cucumber.runChild(Cucumber.java:144)&#13;
	at io.cucumber.junit.Cucumber.runChild(Cucumber.java:65)&#13;
	at org.junit.runners.ParentRunner$4.run(ParentRunner.java:331)&#13;
	at org.junit.runners.ParentRunner$1.schedule(ParentRunner.java:79)&#13;
	at org.junit.runners.ParentRunner.runChildren(ParentRunner.java:329)&#13;
	at org.junit.runners.ParentRunner.access$100(ParentRunner.java:66)&#13;
	at org.junit.runners.ParentRunner$2.evaluate(ParentRunner.java:293)&#13;
	at io.cucumber.junit.Cucumber$RunCucumber.evaluate(Cucumber.java:174)&#13;
	at org.junit.runners.ParentRunner$3.evaluate(ParentRunner.java:306)&#13;
	at org.junit.runners.ParentRunner.run(ParentRunner.java:413)&#13;
	at org.junit.runner.JUnitCore.run(JUnitCore.java:137)&#13;
	at org.junit.runner.JUnitCore.run(JUnitCore.java:115)&#13;
	at org.junit.vintage.engine.execution.RunnerExecutor.execute(RunnerExecutor.java:42)&#13;
	at org.junit.vintage.engine.VintageTestEngine.executeAllChildren(VintageTestEngine.java:80)&#13;
	at org.junit.vintage.engine.VintageTestEngine.execute(VintageTestEngine.java:72)&#13;
	at org.junit.platform.launcher.core.EngineExecutionOrchestrator.execute(EngineExecutionOrchestrator.java:107)&#13;
	at org.junit.platform.launcher.core.EngineExecutionOrchestrator.execute(EngineExecutionOrchestrator.java:88)&#13;
	at org.junit.platform.launcher.core.EngineExecutionOrchestrator.lambda$execute$0(EngineExecutionOrchestrator.java:54)&#13;
	at org.junit.platform.launcher.core.EngineExecutionOrchestrator.withInterceptedStreams(EngineExecutionOrchestrator.java:67)&#13;
	at org.junit.platform.launcher.core.EngineExecutionOrchestrator.execute(EngineExecutionOrchestrator.java:52)&#13;
	at org.junit.platform.launcher.core.DefaultLauncher.execute(DefaultLauncher.java:114)&#13;
	at org.junit.platform.launcher.core.DefaultLauncher.execute(DefaultLauncher.java:95)&#13;
	at org.junit.platform.launcher.core.DefaultLauncherSession$DelegatingLauncher.execute(DefaultLauncherSession.java:91)&#13;
	at org.junit.platform.launcher.core.SessionPerRequestLauncher.execute(SessionPerRequestLauncher.java:60)&#13;
	at org.eclipse.jdt.internal.junit5.runner.JUnit5TestReference.run(JUnit5TestReference.java:98)&#13;
	at org.eclipse.jdt.internal.junit.runner.TestExecution.run(TestExecution.java:40)&#13;
	at org.eclipse.jdt.internal.junit.runner.RemoteTestRunner.runTests(RemoteTestRunner.java:529)&#13;
	at org.eclipse.jdt.internal.junit.runner.RemoteTestRunner.runTests(RemoteTestRunner.java:756)&#13;
	at org.eclipse.jdt.internal.junit.runner.RemoteTestRunner.run(RemoteTestRunner.java:452)&#13;
	at org.eclipse.jdt.internal.junit.runner.RemoteTestRunner.main(RemoteTestRunner.java:210)&#13;
	Suppressed: cucumber.api.PendingException: TODO: implement me&#13;
		at execucaoSteps.TravelPhpSteps.que_preencha_os_valores_no_site(TravelPhpSteps.java:13)&#13;
		at ✽.que preencha os valores no site(file:src/main/resources/feature/siteTravelPhp.feature:7)&#13;
	Suppressed: io.cucumber.junit.UndefinedThrowable: The step "validar a mensagem de sucesso para requisição" is undefined&#13;
&#13;
</failure>
      </testcase>
    </testsuite>
  </testsuite>
</testrun>
